2024-06-24T21:35:40.196+05:30  INFO 8232 --- [Employee-Management-Portal] [restartedMain] .M.P.EmployeeManagementPortalApplication : Starting EmployeeManagementPortalApplication using Java 17.0.10 with PID 8232 (D:\1_VERY_VERY_DEV\Training\Assignments\Capstone_Project_Employee_Management_Portal\Employee-Management-Portal\target\classes started by LEGION in D:\1_VERY_VERY_DEV\Training\Assignments\Capstone_Project_Employee_Management_Portal\Employee-Management-Portal)
2024-06-24T21:35:40.210+05:30  INFO 8232 --- [Employee-Management-Portal] [restartedMain] .M.P.EmployeeManagementPortalApplication : No active profile set, falling back to 1 default profile: "default"
2024-06-24T21:35:40.280+05:30  INFO 8232 --- [Employee-Management-Portal] [restartedMain] .e.DevToolsPropertyDefaultsPostProcessor : Devtools property defaults active! Set 'spring.devtools.add-properties' to 'false' to disable
2024-06-24T21:35:40.280+05:30  INFO 8232 --- [Employee-Management-Portal] [restartedMain] .e.DevToolsPropertyDefaultsPostProcessor : For additional web related logging consider setting the 'logging.level.web' property to 'DEBUG'
2024-06-24T21:35:41.635+05:30  INFO 8232 --- [Employee-Management-Portal] [restartedMain] .s.d.r.c.RepositoryConfigurationDelegate : Bootstrapping Spring Data JPA repositories in DEFAULT mode.
2024-06-24T21:35:41.746+05:30  INFO 8232 --- [Employee-Management-Portal] [restartedMain] .s.d.r.c.RepositoryConfigurationDelegate : Finished Spring Data repository scanning in 89 ms. Found 4 JPA repository interfaces.
2024-06-24T21:35:42.662+05:30  INFO 8232 --- [Employee-Management-Portal] [restartedMain] o.s.b.w.embedded.tomcat.TomcatWebServer  : Tomcat initialized with port 8080 (http)
2024-06-24T21:35:42.678+05:30  INFO 8232 --- [Employee-Management-Portal] [restartedMain] o.apache.catalina.core.StandardService   : Starting service [Tomcat]
2024-06-24T21:35:42.678+05:30  INFO 8232 --- [Employee-Management-Portal] [restartedMain] o.apache.catalina.core.StandardEngine    : Starting Servlet engine: [Apache Tomcat/10.1.20]
2024-06-24T21:35:42.762+05:30  INFO 8232 --- [Employee-Management-Portal] [restartedMain] o.a.c.c.C.[Tomcat].[localhost].[/]       : Initializing Spring embedded WebApplicationContext
2024-06-24T21:35:42.762+05:30  INFO 8232 --- [Employee-Management-Portal] [restartedMain] w.s.c.ServletWebServerApplicationContext : Root WebApplicationContext: initialization completed in 2481 ms
2024-06-24T21:35:42.985+05:30  INFO 8232 --- [Employee-Management-Portal] [restartedMain] o.hibernate.jpa.internal.util.LogHelper  : HHH000204: Processing PersistenceUnitInfo [name: default]
2024-06-24T21:35:43.097+05:30  INFO 8232 --- [Employee-Management-Portal] [restartedMain] org.hibernate.Version                    : HHH000412: Hibernate ORM core version 6.4.4.Final
2024-06-24T21:35:43.140+05:30  INFO 8232 --- [Employee-Management-Portal] [restartedMain] o.h.c.internal.RegionFactoryInitiator    : HHH000026: Second-level cache disabled
2024-06-24T21:35:43.510+05:30  INFO 8232 --- [Employee-Management-Portal] [restartedMain] o.s.o.j.p.SpringPersistenceUnitInfo      : No LoadTimeWeaver setup: ignoring JPA class transformer
2024-06-24T21:35:43.555+05:30  INFO 8232 --- [Employee-Management-Portal] [restartedMain] com.zaxxer.hikari.HikariDataSource       : HikariPool-1 - Starting...
2024-06-24T21:35:43.765+05:30  INFO 8232 --- [Employee-Management-Portal] [restartedMain] com.zaxxer.hikari.pool.HikariPool        : HikariPool-1 - Added connection org.postgresql.jdbc.PgConnection@6335783e
2024-06-24T21:35:43.767+05:30  INFO 8232 --- [Employee-Management-Portal] [restartedMain] com.zaxxer.hikari.HikariDataSource       : HikariPool-1 - Start completed.
2024-06-24T21:35:45.445+05:30  INFO 8232 --- [Employee-Management-Portal] [restartedMain] o.h.e.t.j.p.i.JtaPlatformInitiator       : HHH000489: No JTA platform available (set 'hibernate.transaction.jta.platform' to enable JTA platform integration)
2024-06-24T21:35:45.815+05:30  INFO 8232 --- [Employee-Management-Portal] [restartedMain] j.LocalContainerEntityManagerFactoryBean : Initialized JPA EntityManagerFactory for persistence unit 'default'
2024-06-24T21:35:46.360+05:30  WARN 8232 --- [Employee-Management-Portal] [restartedMain] JpaBaseConfiguration$JpaWebConfiguration : spring.jpa.open-in-view is enabled by default. Therefore, database queries may be performed during view rendering. Explicitly configure spring.jpa.open-in-view to disable this warning
2024-06-24T21:35:46.661+05:30  INFO 8232 --- [Employee-Management-Portal] [restartedMain] o.s.s.web.DefaultSecurityFilterChain     : Will secure any request with [org.springframework.security.web.session.DisableEncodeUrlFilter@10e7709a, org.springframework.security.web.context.request.async.WebAsyncManagerIntegrationFilter@5f4f9a1a, org.springframework.security.web.context.SecurityContextHolderFilter@26b69bb7, org.springframework.security.web.header.HeaderWriterFilter@2335e85e, org.springframework.web.filter.CorsFilter@71811052, org.springframework.security.web.authentication.logout.LogoutFilter@4e895083, com.employee.Employee.Management.Portal.config.JwtTokenValidator@6de9b294, org.springframework.security.web.savedrequest.RequestCacheAwareFilter@4d72f50c, org.springframework.security.web.servletapi.SecurityContextHolderAwareRequestFilter@e9f24f2, org.springframework.security.web.authentication.AnonymousAuthenticationFilter@46217c13, org.springframework.security.web.session.SessionManagementFilter@1b28e02c, org.springframework.security.web.access.ExceptionTranslationFilter@7939779d, org.springframework.security.web.access.intercept.AuthorizationFilter@335f8703]
2024-06-24T21:35:46.870+05:30  INFO 8232 --- [Employee-Management-Portal] [restartedMain] o.s.b.d.a.OptionalLiveReloadServer       : LiveReload server is running on port 35729
2024-06-24T21:35:46.908+05:30  INFO 8232 --- [Employee-Management-Portal] [restartedMain] o.s.b.w.embedded.tomcat.TomcatWebServer  : Tomcat started on port 8080 (http) with context path ''
2024-06-24T21:35:46.917+05:30  INFO 8232 --- [Employee-Management-Portal] [restartedMain] .M.P.EmployeeManagementPortalApplication : Started EmployeeManagementPortalApplication in 7.299 seconds (process running for 7.931)
2024-06-24T21:35:57.494+05:30  INFO 8232 --- [Employee-Management-Portal] [File Watcher] rtingClassPathChangeChangedEventListener : Restarting due to 55 class path changes (0 additions, 55 deletions, 0 modifications)
2024-06-24T21:35:57.522+05:30  INFO 8232 --- [Employee-Management-Portal] [Thread-5] j.LocalContainerEntityManagerFactoryBean : Closing JPA EntityManagerFactory for persistence unit 'default'
2024-06-24T21:35:57.526+05:30  INFO 8232 --- [Employee-Management-Portal] [Thread-5] com.zaxxer.hikari.HikariDataSource       : HikariPool-1 - Shutdown initiated...
2024-06-24T21:35:57.534+05:30  INFO 8232 --- [Employee-Management-Portal] [Thread-5] com.zaxxer.hikari.HikariDataSource       : HikariPool-1 - Shutdown completed.
2024-06-24T21:36:23.976+05:30  INFO 8232 --- [Employee-Management-Portal] [restartedMain] .M.P.EmployeeManagementPortalApplication : Starting EmployeeManagementPortalApplication using Java 17.0.10 with PID 8232 (D:\1_VERY_VERY_DEV\Training\Assignments\Capstone_Project_Employee_Management_Portal\Employee-Management-Portal\target\classes started by LEGION in D:\1_VERY_VERY_DEV\Training\Assignments\Capstone_Project_Employee_Management_Portal\Employee-Management-Portal)
2024-06-24T21:36:23.976+05:30  INFO 8232 --- [Employee-Management-Portal] [restartedMain] .M.P.EmployeeManagementPortalApplication : No active profile set, falling back to 1 default profile: "default"
2024-06-24T21:36:24.174+05:30  INFO 8232 --- [Employee-Management-Portal] [restartedMain] .s.d.r.c.RepositoryConfigurationDelegate : Bootstrapping Spring Data JPA repositories in DEFAULT mode.
2024-06-24T21:36:24.176+05:30  INFO 8232 --- [Employee-Management-Portal] [restartedMain] .s.d.r.c.RepositoryConfigurationDelegate : Finished Spring Data repository scanning in 1 ms. Found 0 JPA repository interfaces.
2024-06-24T21:36:24.354+05:30  INFO 8232 --- [Employee-Management-Portal] [restartedMain] o.s.b.w.embedded.tomcat.TomcatWebServer  : Tomcat initialized with port 8080 (http)
2024-06-24T21:36:24.357+05:30  INFO 8232 --- [Employee-Management-Portal] [restartedMain] o.apache.catalina.core.StandardService   : Starting service [Tomcat]
2024-06-24T21:36:24.358+05:30  INFO 8232 --- [Employee-Management-Portal] [restartedMain] o.apache.catalina.core.StandardEngine    : Starting Servlet engine: [Apache Tomcat/10.1.20]
2024-06-24T21:36:24.389+05:30  INFO 8232 --- [Employee-Management-Portal] [restartedMain] o.a.c.c.C.[Tomcat-1].[localhost].[/]     : Initializing Spring embedded WebApplicationContext
2024-06-24T21:36:24.389+05:30  INFO 8232 --- [Employee-Management-Portal] [restartedMain] w.s.c.ServletWebServerApplicationContext : Root WebApplicationContext: initialization completed in 410 ms
2024-06-24T21:36:24.448+05:30  INFO 8232 --- [Employee-Management-Portal] [restartedMain] o.hibernate.jpa.internal.util.LogHelper  : HHH000204: Processing PersistenceUnitInfo [name: default]
2024-06-24T21:36:24.452+05:30  INFO 8232 --- [Employee-Management-Portal] [restartedMain] o.h.c.internal.RegionFactoryInitiator    : HHH000026: Second-level cache disabled
2024-06-24T21:36:24.457+05:30  INFO 8232 --- [Employee-Management-Portal] [restartedMain] o.s.o.j.p.SpringPersistenceUnitInfo      : No LoadTimeWeaver setup: ignoring JPA class transformer
2024-06-24T21:36:24.458+05:30  INFO 8232 --- [Employee-Management-Portal] [restartedMain] com.zaxxer.hikari.HikariDataSource       : HikariPool-2 - Starting...
2024-06-24T21:36:24.519+05:30  INFO 8232 --- [Employee-Management-Portal] [restartedMain] com.zaxxer.hikari.pool.HikariPool        : HikariPool-2 - Added connection org.postgresql.jdbc.PgConnection@5ecc82ae
2024-06-24T21:36:24.519+05:30  INFO 8232 --- [Employee-Management-Portal] [restartedMain] com.zaxxer.hikari.HikariDataSource       : HikariPool-2 - Start completed.
2024-06-24T21:36:24.566+05:30  INFO 8232 --- [Employee-Management-Portal] [restartedMain] o.h.e.t.j.p.i.JtaPlatformInitiator       : HHH000489: No JTA platform available (set 'hibernate.transaction.jta.platform' to enable JTA platform integration)
2024-06-24T21:36:24.567+05:30  INFO 8232 --- [Employee-Management-Portal] [restartedMain] j.LocalContainerEntityManagerFactoryBean : Initialized JPA EntityManagerFactory for persistence unit 'default'
2024-06-24T21:36:24.604+05:30  WARN 8232 --- [Employee-Management-Portal] [restartedMain] JpaBaseConfiguration$JpaWebConfiguration : spring.jpa.open-in-view is enabled by default. Therefore, database queries may be performed during view rendering. Explicitly configure spring.jpa.open-in-view to disable this warning
2024-06-24T21:36:24.748+05:30  WARN 8232 --- [Employee-Management-Portal] [restartedMain] .s.s.UserDetailsServiceAutoConfiguration : 

Using generated security password: aa8af1dc-a240-433b-84fb-9feed1904b74

This generated password is for development use only. Your security configuration must be updated before running your application in production.

2024-06-24T21:36:24.789+05:30  INFO 8232 --- [Employee-Management-Portal] [restartedMain] o.s.s.web.DefaultSecurityFilterChain     : Will secure any request with [org.springframework.security.web.session.DisableEncodeUrlFilter@6a9c023e, org.springframework.security.web.context.request.async.WebAsyncManagerIntegrationFilter@1d8dc695, org.springframework.security.web.context.SecurityContextHolderFilter@1df38514, org.springframework.security.web.header.HeaderWriterFilter@559435cb, org.springframework.web.filter.CorsFilter@3527f5e1, org.springframework.security.web.csrf.CsrfFilter@41decc7d, org.springframework.security.web.authentication.logout.LogoutFilter@7c975e49, org.springframework.security.web.authentication.UsernamePasswordAuthenticationFilter@1cad1bc1, org.springframework.security.web.authentication.ui.DefaultLoginPageGeneratingFilter@4499fbc1, org.springframework.security.web.authentication.ui.DefaultLogoutPageGeneratingFilter@4b94ce58, org.springframework.security.web.authentication.www.BasicAuthenticationFilter@a0e887d, org.springframework.security.web.savedrequest.RequestCacheAwareFilter@2af90ff3, org.springframework.security.web.servletapi.SecurityContextHolderAwareRequestFilter@30d7aa7d, org.springframework.security.web.authentication.AnonymousAuthenticationFilter@4113b8e6, org.springframework.security.web.access.ExceptionTranslationFilter@2fd6bc45, org.springframework.security.web.access.intercept.AuthorizationFilter@7dc40c02]
2024-06-24T21:36:24.819+05:30  INFO 8232 --- [Employee-Management-Portal] [restartedMain] o.s.b.d.a.OptionalLiveReloadServer       : LiveReload server is running on port 35729
2024-06-24T21:36:24.829+05:30  INFO 8232 --- [Employee-Management-Portal] [restartedMain] o.s.b.w.embedded.tomcat.TomcatWebServer  : Tomcat started on port 8080 (http) with context path ''
2024-06-24T21:36:24.838+05:30  INFO 8232 --- [Employee-Management-Portal] [restartedMain] .M.P.EmployeeManagementPortalApplication : Started EmployeeManagementPortalApplication in 0.89 seconds (process running for 45.852)
2024-06-24T21:36:24.854+05:30  INFO 8232 --- [Employee-Management-Portal] [restartedMain] .ConditionEvaluationDeltaLoggingListener : Condition evaluation delta:


==========================
CONDITION EVALUATION DELTA
==========================


Positive matches:
-----------------

   SpringBootWebSecurityConfiguration.SecurityFilterChainConfiguration matched:
      - AllNestedConditions 2 matched 0 did not; NestedCondition on DefaultWebSecurityCondition.Beans @ConditionalOnMissingBean (types: org.springframework.security.web.SecurityFilterChain; SearchStrategy: all) did not find any beans; NestedCondition on DefaultWebSecurityCondition.Classes @ConditionalOnClass found required classes 'org.springframework.security.web.SecurityFilterChain', 'org.springframework.security.config.annotation.web.builders.HttpSecurity' (DefaultWebSecurityCondition)

   SpringBootWebSecurityConfiguration.WebSecurityEnablerConfiguration matched:
      - @ConditionalOnClass found required class 'org.springframework.security.config.annotation.web.configuration.EnableWebSecurity' (OnClassCondition)
      - @ConditionalOnMissingBean (names: springSecurityFilterChain; SearchStrategy: all) did not find any beans (OnBeanCondition)

   UserDetailsServiceAutoConfiguration matched:
      - @ConditionalOnClass found required class 'org.springframework.security.authentication.AuthenticationManager' (OnClassCondition)
      - AnyNestedCondition 1 matched 2 did not; NestedCondition on UserDetailsServiceAutoConfiguration.MissingAlternativeOrUserPropertiesConfigured.PasswordConfigured @ConditionalOnProperty (spring.security.user.password) did not find property 'password'; NestedCondition on UserDetailsServiceAutoConfiguration.MissingAlternativeOrUserPropertiesConfigured.NameConfigured @ConditionalOnProperty (spring.security.user.name) did not find property 'name'; NestedCondition on UserDetailsServiceAutoConfiguration.MissingAlternativeOrUserPropertiesConfigured.MissingAlternative @ConditionalOnMissingClass did not find unwanted classes 'org.springframework.security.oauth2.client.registration.ClientRegistrationRepository', 'org.springframework.security.oauth2.server.resource.introspection.OpaqueTokenIntrospector', 'org.springframework.security.saml2.provider.service.registration.RelyingPartyRegistrationRepository' (UserDetailsServiceAutoConfiguration.MissingAlternativeOrUserPropertiesConfigured)
      - @ConditionalOnBean (types: org.springframework.security.config.annotation.ObjectPostProcessor; SearchStrategy: all) found bean 'objectPostProcessor'; @ConditionalOnMissingBean (types: org.springframework.security.authentication.AuthenticationManager,org.springframework.security.authentication.AuthenticationProvider,org.springframework.security.core.userdetails.UserDetailsService,org.springframework.security.authentication.AuthenticationManagerResolver,org.springframework.security.oauth2.jwt.JwtDecoder; SearchStrategy: all) did not find any beans (OnBeanCondition)


Negative matches:
-----------------

    None


Exclusions:
-----------

    None


Unconditional classes:
----------------------

    None



2024-06-24T21:36:28.106+05:30  INFO 8232 --- [Employee-Management-Portal] [File Watcher] rtingClassPathChangeChangedEventListener : Restarting due to 54 class path changes (54 additions, 0 deletions, 0 modifications)
2024-06-24T21:36:28.129+05:30  INFO 8232 --- [Employee-Management-Portal] [Thread-7] j.LocalContainerEntityManagerFactoryBean : Closing JPA EntityManagerFactory for persistence unit 'default'
2024-06-24T21:36:28.131+05:30  INFO 8232 --- [Employee-Management-Portal] [Thread-7] com.zaxxer.hikari.HikariDataSource       : HikariPool-2 - Shutdown initiated...
2024-06-24T21:36:28.137+05:30  INFO 8232 --- [Employee-Management-Portal] [Thread-7] com.zaxxer.hikari.HikariDataSource       : HikariPool-2 - Shutdown completed.
2024-06-24T21:36:28.287+05:30  INFO 8232 --- [Employee-Management-Portal] [restartedMain] .M.P.EmployeeManagementPortalApplication : Starting EmployeeManagementPortalApplication using Java 17.0.10 with PID 8232 (D:\1_VERY_VERY_DEV\Training\Assignments\Capstone_Project_Employee_Management_Portal\Employee-Management-Portal\target\classes started by LEGION in D:\1_VERY_VERY_DEV\Training\Assignments\Capstone_Project_Employee_Management_Portal\Employee-Management-Portal)
2024-06-24T21:36:28.287+05:30  INFO 8232 --- [Employee-Management-Portal] [restartedMain] .M.P.EmployeeManagementPortalApplication : No active profile set, falling back to 1 default profile: "default"
2024-06-24T21:36:28.596+05:30  INFO 8232 --- [Employee-Management-Portal] [restartedMain] .s.d.r.c.RepositoryConfigurationDelegate : Bootstrapping Spring Data JPA repositories in DEFAULT mode.
2024-06-24T21:36:28.633+05:30  INFO 8232 --- [Employee-Management-Portal] [restartedMain] .s.d.r.c.RepositoryConfigurationDelegate : Finished Spring Data repository scanning in 36 ms. Found 4 JPA repository interfaces.
2024-06-24T21:36:28.816+05:30  INFO 8232 --- [Employee-Management-Portal] [restartedMain] o.s.b.w.embedded.tomcat.TomcatWebServer  : Tomcat initialized with port 8080 (http)
2024-06-24T21:36:28.818+05:30  INFO 8232 --- [Employee-Management-Portal] [restartedMain] o.apache.catalina.core.StandardService   : Starting service [Tomcat]
2024-06-24T21:36:28.819+05:30  INFO 8232 --- [Employee-Management-Portal] [restartedMain] o.apache.catalina.core.StandardEngine    : Starting Servlet engine: [Apache Tomcat/10.1.20]
2024-06-24T21:36:28.867+05:30  INFO 8232 --- [Employee-Management-Portal] [restartedMain] o.a.c.c.C.[Tomcat-1].[localhost].[/]     : Initializing Spring embedded WebApplicationContext
2024-06-24T21:36:28.869+05:30  INFO 8232 --- [Employee-Management-Portal] [restartedMain] w.s.c.ServletWebServerApplicationContext : Root WebApplicationContext: initialization completed in 579 ms
2024-06-24T21:36:28.988+05:30  INFO 8232 --- [Employee-Management-Portal] [restartedMain] o.hibernate.jpa.internal.util.LogHelper  : HHH000204: Processing PersistenceUnitInfo [name: default]
2024-06-24T21:36:28.993+05:30  INFO 8232 --- [Employee-Management-Portal] [restartedMain] o.h.c.internal.RegionFactoryInitiator    : HHH000026: Second-level cache disabled
2024-06-24T21:36:29.003+05:30  INFO 8232 --- [Employee-Management-Portal] [restartedMain] o.s.o.j.p.SpringPersistenceUnitInfo      : No LoadTimeWeaver setup: ignoring JPA class transformer
2024-06-24T21:36:29.004+05:30  INFO 8232 --- [Employee-Management-Portal] [restartedMain] com.zaxxer.hikari.HikariDataSource       : HikariPool-3 - Starting...
2024-06-24T21:36:29.134+05:30  INFO 8232 --- [Employee-Management-Portal] [restartedMain] com.zaxxer.hikari.pool.HikariPool        : HikariPool-3 - Added connection org.postgresql.jdbc.PgConnection@27e9100c
2024-06-24T21:36:29.136+05:30  INFO 8232 --- [Employee-Management-Portal] [restartedMain] com.zaxxer.hikari.HikariDataSource       : HikariPool-3 - Start completed.
2024-06-24T21:36:29.412+05:30  INFO 8232 --- [Employee-Management-Portal] [restartedMain] o.h.e.t.j.p.i.JtaPlatformInitiator       : HHH000489: No JTA platform available (set 'hibernate.transaction.jta.platform' to enable JTA platform integration)
2024-06-24T21:36:29.580+05:30  INFO 8232 --- [Employee-Management-Portal] [restartedMain] j.LocalContainerEntityManagerFactoryBean : Initialized JPA EntityManagerFactory for persistence unit 'default'
2024-06-24T21:36:29.855+05:30  WARN 8232 --- [Employee-Management-Portal] [restartedMain] JpaBaseConfiguration$JpaWebConfiguration : spring.jpa.open-in-view is enabled by default. Therefore, database queries may be performed during view rendering. Explicitly configure spring.jpa.open-in-view to disable this warning
2024-06-24T21:36:29.951+05:30  INFO 8232 --- [Employee-Management-Portal] [restartedMain] o.s.s.web.DefaultSecurityFilterChain     : Will secure any request with [org.springframework.security.web.session.DisableEncodeUrlFilter@7cf9cd2f, org.springframework.security.web.context.request.async.WebAsyncManagerIntegrationFilter@75f668ec, org.springframework.security.web.context.SecurityContextHolderFilter@51d116e5, org.springframework.security.web.header.HeaderWriterFilter@7e15a6d6, org.springframework.web.filter.CorsFilter@46b44ea7, org.springframework.security.web.authentication.logout.LogoutFilter@4e1bce0, com.employee.Employee.Management.Portal.config.JwtTokenValidator@1ccb8995, org.springframework.security.web.savedrequest.RequestCacheAwareFilter@1c59cada, org.springframework.security.web.servletapi.SecurityContextHolderAwareRequestFilter@4fa9fc91, org.springframework.security.web.authentication.AnonymousAuthenticationFilter@2e69af96, org.springframework.security.web.session.SessionManagementFilter@7f5db70b, org.springframework.security.web.access.ExceptionTranslationFilter@d9b386, org.springframework.security.web.access.intercept.AuthorizationFilter@56f18a9e]
2024-06-24T21:36:30.012+05:30  INFO 8232 --- [Employee-Management-Portal] [restartedMain] o.s.b.d.a.OptionalLiveReloadServer       : LiveReload server is running on port 35729
2024-06-24T21:36:30.021+05:30  INFO 8232 --- [Employee-Management-Portal] [restartedMain] o.s.b.w.embedded.tomcat.TomcatWebServer  : Tomcat started on port 8080 (http) with context path ''
2024-06-24T21:36:30.026+05:30  INFO 8232 --- [Employee-Management-Portal] [restartedMain] .M.P.EmployeeManagementPortalApplication : Started EmployeeManagementPortalApplication in 1.776 seconds (process running for 51.04)
2024-06-24T21:36:30.029+05:30  INFO 8232 --- [Employee-Management-Portal] [restartedMain] .ConditionEvaluationDeltaLoggingListener : Condition evaluation delta:


==========================
CONDITION EVALUATION DELTA
==========================


Positive matches:
-----------------

    None


Negative matches:
-----------------

   SpringBootWebSecurityConfiguration.SecurityFilterChainConfiguration:
      Did not match:
         - AllNestedConditions 1 matched 1 did not; NestedCondition on DefaultWebSecurityCondition.Beans @ConditionalOnMissingBean (types: org.springframework.security.web.SecurityFilterChain; SearchStrategy: all) found beans of type 'org.springframework.security.web.SecurityFilterChain' securityFilterChain; NestedCondition on DefaultWebSecurityCondition.Classes @ConditionalOnClass found required classes 'org.springframework.security.web.SecurityFilterChain', 'org.springframework.security.config.annotation.web.builders.HttpSecurity' (DefaultWebSecurityCondition)

   SpringBootWebSecurityConfiguration.WebSecurityEnablerConfiguration:
      Did not match:
         - @ConditionalOnMissingBean (names: springSecurityFilterChain; SearchStrategy: all) found beans named springSecurityFilterChain (OnBeanCondition)
      Matched:
         - @ConditionalOnClass found required class 'org.springframework.security.config.annotation.web.configuration.EnableWebSecurity' (OnClassCondition)

   UserDetailsServiceAutoConfiguration:
      Did not match:
         - @ConditionalOnMissingBean (types: org.springframework.security.authentication.AuthenticationManager,org.springframework.security.authentication.AuthenticationProvider,org.springframework.security.core.userdetails.UserDetailsService,org.springframework.security.authentication.AuthenticationManagerResolver,org.springframework.security.oauth2.jwt.JwtDecoder; SearchStrategy: all) found beans of type 'org.springframework.security.core.userdetails.UserDetailsService' customUserDetails (OnBeanCondition)
      Matched:
         - @ConditionalOnClass found required class 'org.springframework.security.authentication.AuthenticationManager' (OnClassCondition)
         - AnyNestedCondition 1 matched 2 did not; NestedCondition on UserDetailsServiceAutoConfiguration.MissingAlternativeOrUserPropertiesConfigured.PasswordConfigured @ConditionalOnProperty (spring.security.user.password) did not find property 'password'; NestedCondition on UserDetailsServiceAutoConfiguration.MissingAlternativeOrUserPropertiesConfigured.NameConfigured @ConditionalOnProperty (spring.security.user.name) did not find property 'name'; NestedCondition on UserDetailsServiceAutoConfiguration.MissingAlternativeOrUserPropertiesConfigured.MissingAlternative @ConditionalOnMissingClass did not find unwanted classes 'org.springframework.security.oauth2.client.registration.ClientRegistrationRepository', 'org.springframework.security.oauth2.server.resource.introspection.OpaqueTokenIntrospector', 'org.springframework.security.saml2.provider.service.registration.RelyingPartyRegistrationRepository' (UserDetailsServiceAutoConfiguration.MissingAlternativeOrUserPropertiesConfigured)


Exclusions:
-----------

    None


Unconditional classes:
----------------------

    None



2024-06-24T21:36:38.387+05:30  INFO 34880 --- [Employee-Management-Portal] [main] c.e.E.M.P.c.AdminControllerTest          : Starting AdminControllerTest using Java 17.0.10 with PID 34880 (started by LEGION in D:\1_VERY_VERY_DEV\Training\Assignments\Capstone_Project_Employee_Management_Portal\Employee-Management-Portal)
2024-06-24T21:36:38.390+05:30  INFO 34880 --- [Employee-Management-Portal] [main] c.e.E.M.P.c.AdminControllerTest          : No active profile set, falling back to 1 default profile: "default"
2024-06-24T21:36:39.627+05:30  INFO 34880 --- [Employee-Management-Portal] [main] .s.d.r.c.RepositoryConfigurationDelegate : Bootstrapping Spring Data JPA repositories in DEFAULT mode.
2024-06-24T21:36:39.754+05:30  INFO 34880 --- [Employee-Management-Portal] [main] .s.d.r.c.RepositoryConfigurationDelegate : Finished Spring Data repository scanning in 110 ms. Found 4 JPA repository interfaces.
2024-06-24T21:36:40.963+05:30  INFO 34880 --- [Employee-Management-Portal] [main] o.hibernate.jpa.internal.util.LogHelper  : HHH000204: Processing PersistenceUnitInfo [name: default]
2024-06-24T21:36:41.083+05:30  INFO 34880 --- [Employee-Management-Portal] [main] org.hibernate.Version                    : HHH000412: Hibernate ORM core version 6.4.4.Final
2024-06-24T21:36:41.177+05:30  INFO 34880 --- [Employee-Management-Portal] [main] o.h.c.internal.RegionFactoryInitiator    : HHH000026: Second-level cache disabled
2024-06-24T21:36:41.440+05:30  INFO 34880 --- [Employee-Management-Portal] [main] o.s.o.j.p.SpringPersistenceUnitInfo      : No LoadTimeWeaver setup: ignoring JPA class transformer
2024-06-24T21:36:41.503+05:30  INFO 34880 --- [Employee-Management-Portal] [main] com.zaxxer.hikari.HikariDataSource       : HikariPool-1 - Starting...
2024-06-24T21:36:41.831+05:30  INFO 34880 --- [Employee-Management-Portal] [main] com.zaxxer.hikari.pool.HikariPool        : HikariPool-1 - Added connection org.postgresql.jdbc.PgConnection@49fdc88e
2024-06-24T21:36:41.834+05:30  INFO 34880 --- [Employee-Management-Portal] [main] com.zaxxer.hikari.HikariDataSource       : HikariPool-1 - Start completed.
2024-06-24T21:36:44.216+05:30  INFO 34880 --- [Employee-Management-Portal] [main] o.h.e.t.j.p.i.JtaPlatformInitiator       : HHH000489: No JTA platform available (set 'hibernate.transaction.jta.platform' to enable JTA platform integration)
2024-06-24T21:36:44.372+05:30  INFO 34880 --- [Employee-Management-Portal] [main] j.LocalContainerEntityManagerFactoryBean : Initialized JPA EntityManagerFactory for persistence unit 'default'
2024-06-24T21:36:45.076+05:30  WARN 34880 --- [Employee-Management-Portal] [main] JpaBaseConfiguration$JpaWebConfiguration : spring.jpa.open-in-view is enabled by default. Therefore, database queries may be performed during view rendering. Explicitly configure spring.jpa.open-in-view to disable this warning
2024-06-24T21:36:45.670+05:30  INFO 34880 --- [Employee-Management-Portal] [main] o.s.s.web.DefaultSecurityFilterChain     : Will secure any request with [org.springframework.security.web.session.DisableEncodeUrlFilter@31443ab9, org.springframework.security.web.context.request.async.WebAsyncManagerIntegrationFilter@440500f8, org.springframework.security.web.context.SecurityContextHolderFilter@2b6021e9, org.springframework.security.web.header.HeaderWriterFilter@2221e3df, org.springframework.web.filter.CorsFilter@64cd3262, org.springframework.security.web.authentication.logout.LogoutFilter@704666bf, com.employee.Employee.Management.Portal.config.JwtTokenValidator@7be7d4, org.springframework.security.web.savedrequest.RequestCacheAwareFilter@3a0740e4, org.springframework.security.web.servletapi.SecurityContextHolderAwareRequestFilter@4120dd8d, org.springframework.security.web.authentication.AnonymousAuthenticationFilter@107a9490, org.springframework.security.web.session.SessionManagementFilter@22c0b71f, org.springframework.security.web.access.ExceptionTranslationFilter@4a2b62f8, org.springframework.security.web.access.intercept.AuthorizationFilter@747a8258]
2024-06-24T21:36:46.282+05:30  INFO 34880 --- [Employee-Management-Portal] [main] o.s.b.t.m.w.SpringBootMockServletContext : Initializing Spring TestDispatcherServlet ''
2024-06-24T21:36:46.282+05:30  INFO 34880 --- [Employee-Management-Portal] [main] o.s.t.web.servlet.TestDispatcherServlet  : Initializing Servlet ''
2024-06-24T21:36:46.284+05:30  INFO 34880 --- [Employee-Management-Portal] [main] o.s.t.web.servlet.TestDispatcherServlet  : Completed initialization in 2 ms
2024-06-24T21:36:46.312+05:30  INFO 34880 --- [Employee-Management-Portal] [main] c.e.E.M.P.c.AdminControllerTest          : Started AdminControllerTest in 8.625 seconds (process running for 14.405)
2024-06-24T21:36:46.538+05:30  INFO 34880 --- [Employee-Management-Portal] [main] c.e.E.M.P.controller.AdminController     : Started get filtered users controller
2024-06-24T21:36:46.538+05:30  INFO 34880 --- [Employee-Management-Portal] [main] c.e.E.M.P.controller.AdminController     : Ended get filtered users controller
2024-06-24T21:36:46.695+05:30  INFO 34880 --- [Employee-Management-Portal] [main] c.e.E.M.P.controller.AdminController     : Started unassign project controller
2024-06-24T21:36:46.696+05:30  INFO 34880 --- [Employee-Management-Portal] [main] c.e.E.M.P.controller.AdminController     : Ended unassign project controller
2024-06-24T21:36:46.706+05:30  INFO 34880 --- [Employee-Management-Portal] [main] c.e.E.M.P.controller.AdminController     : Started get all managers controller
2024-06-24T21:36:46.706+05:30  INFO 34880 --- [Employee-Management-Portal] [main] c.e.E.M.P.controller.AdminController     : Ended get all managers controller
2024-06-24T21:36:46.822+05:30  INFO 34880 --- [Employee-Management-Portal] [main] c.e.E.M.P.controller.AdminController     : Started add user controller
2024-06-24T21:36:46.823+05:30  INFO 34880 --- [Employee-Management-Portal] [main] c.e.E.M.P.controller.AdminController     : Ended add user controller
2024-06-24T21:36:46.834+05:30  INFO 34880 --- [Employee-Management-Portal] [main] c.e.E.M.P.controller.AdminController     : Started update user controller
2024-06-24T21:36:46.834+05:30  INFO 34880 --- [Employee-Management-Portal] [main] c.e.E.M.P.controller.AdminController     : Ended update user controller
2024-06-24T21:36:46.849+05:30  INFO 34880 --- [Employee-Management-Portal] [main] c.e.E.M.P.controller.AdminController     : Started get all managers info controller
2024-06-24T21:36:46.850+05:30  INFO 34880 --- [Employee-Management-Portal] [main] c.e.E.M.P.controller.AdminController     : Ended get all managers info controller
2024-06-24T21:36:46.857+05:30  INFO 34880 --- [Employee-Management-Portal] [main] c.e.E.M.P.controller.AdminController     : Started get userDetails controller
2024-06-24T21:36:46.858+05:30  INFO 34880 --- [Employee-Management-Portal] [main] c.e.E.M.P.controller.AdminController     : Ended get userDetails controller
2024-06-24T21:36:46.861+05:30  INFO 34880 --- [Employee-Management-Portal] [main] c.e.E.M.P.controller.AdminController     : Started get userDetails controller
2024-06-24T21:36:46.862+05:30  INFO 34880 --- [Employee-Management-Portal] [main] c.e.E.M.P.controller.AdminController     : Ended get userDetails controller
2024-06-24T21:36:46.871+05:30  INFO 34880 --- [Employee-Management-Portal] [main] c.e.E.M.P.controller.AdminController     : Started get employee skill controller
2024-06-24T21:36:46.871+05:30  INFO 34880 --- [Employee-Management-Portal] [main] c.e.E.M.P.controller.AdminController     : Ended get employee skill controller
2024-06-24T21:36:46.887+05:30  INFO 34880 --- [Employee-Management-Portal] [main] c.e.E.M.P.controller.AdminController     : Started assign project controller
2024-06-24T21:36:46.888+05:30  INFO 34880 --- [Employee-Management-Portal] [main] c.e.E.M.P.controller.AdminController     : Ended assign project controller
2024-06-24T21:36:46.895+05:30  INFO 34880 --- [Employee-Management-Portal] [main] c.e.E.M.P.controller.AdminController     : Started get all projects by manager id controller
2024-06-24T21:36:46.895+05:30  INFO 34880 --- [Employee-Management-Portal] [main] c.e.E.M.P.controller.AdminController     : Ended get all projects by manager id controller
2024-06-24T21:36:46.901+05:30  INFO 34880 --- [Employee-Management-Portal] [main] c.e.E.M.P.controller.AdminController     : Started get all skills controller
2024-06-24T21:36:46.903+05:30  INFO 34880 --- [Employee-Management-Portal] [main] c.e.E.M.P.controller.AdminController     : Started get all skills controller
2024-06-24T21:36:46.909+05:30  INFO 34880 --- [Employee-Management-Portal] [main] c.e.E.M.P.controller.AdminController     : Started get all projects for assign controller
2024-06-24T21:36:46.910+05:30  INFO 34880 --- [Employee-Management-Portal] [main] c.e.E.M.P.controller.AdminController     : Ended get all projects for assign controller
2024-06-24T21:36:46.923+05:30  INFO 34880 --- [Employee-Management-Portal] [main] c.e.E.M.P.controller.AdminController     : Started add project controller
2024-06-24T21:36:46.924+05:30  INFO 34880 --- [Employee-Management-Portal] [main] c.e.E.M.P.controller.AdminController     : Ended add project controller
2024-06-24T21:36:46.931+05:30  INFO 34880 --- [Employee-Management-Portal] [main] c.e.E.M.P.controller.AdminController     : Started get all employees controller
2024-06-24T21:36:46.931+05:30  INFO 34880 --- [Employee-Management-Portal] [main] c.e.E.M.P.controller.AdminController     : Ended get all employees controller
2024-06-24T21:36:46.938+05:30  INFO 34880 --- [Employee-Management-Portal] [main] c.e.E.M.P.controller.AdminController     : Started get all employees and managers controller
2024-06-24T21:36:46.938+05:30  INFO 34880 --- [Employee-Management-Portal] [main] c.e.E.M.P.controller.AdminController     : Ended get all employees and managers controller
2024-06-24T21:36:46.945+05:30  INFO 34880 --- [Employee-Management-Portal] [main] c.e.E.M.P.controller.AdminController     : Started delete employee controller
2024-06-24T21:36:46.946+05:30  INFO 34880 --- [Employee-Management-Portal] [main] c.e.E.M.P.controller.AdminController     : Ended delete employee controller
2024-06-24T21:36:46.952+05:30  INFO 34880 --- [Employee-Management-Portal] [main] c.e.E.M.P.controller.AdminController     : Started get all projects controller
2024-06-24T21:36:46.952+05:30  INFO 34880 --- [Employee-Management-Portal] [main] c.e.E.M.P.controller.AdminController     : Ended get all projects controller
2024-06-24T21:36:46.963+05:30  INFO 34880 --- [Employee-Management-Portal] [main] t.c.s.AnnotationConfigContextLoaderUtils : Could not detect default configuration classes for test class [com.employee.Employee.Management.Portal.controller.AuthControllerTest]: AuthControllerTest does not declare any static, non-private, non-final, nested classes annotated with @Configuration.
2024-06-24T21:36:46.968+05:30  INFO 34880 --- [Employee-Management-Portal] [main] .b.t.c.SpringBootTestContextBootstrapper : Found @SpringBootConfiguration com.employee.Employee.Management.Portal.EmployeeManagementPortalApplication for test class com.employee.Employee.Management.Portal.controller.AuthControllerTest
2024-06-24T21:36:46.973+05:30  INFO 34880 --- [Employee-Management-Portal] [main] o.s.b.d.r.RestartApplicationListener     : Restart disabled due to context in which it is running
2024-06-24T21:36:47.002+05:30  INFO 34880 --- [Employee-Management-Portal] [main] c.e.E.M.P.controller.AuthControllerTest  : Starting AuthControllerTest using Java 17.0.10 with PID 34880 (started by LEGION in D:\1_VERY_VERY_DEV\Training\Assignments\Capstone_Project_Employee_Management_Portal\Employee-Management-Portal)
2024-06-24T21:36:47.002+05:30  INFO 34880 --- [Employee-Management-Portal] [main] c.e.E.M.P.controller.AuthControllerTest  : No active profile set, falling back to 1 default profile: "default"
2024-06-24T21:36:47.241+05:30  INFO 34880 --- [Employee-Management-Portal] [main] .s.d.r.c.RepositoryConfigurationDelegate : Bootstrapping Spring Data JPA repositories in DEFAULT mode.
2024-06-24T21:36:47.258+05:30  INFO 34880 --- [Employee-Management-Portal] [main] .s.d.r.c.RepositoryConfigurationDelegate : Finished Spring Data repository scanning in 16 ms. Found 4 JPA repository interfaces.
2024-06-24T21:36:47.471+05:30  INFO 34880 --- [Employee-Management-Portal] [main] o.hibernate.jpa.internal.util.LogHelper  : HHH000204: Processing PersistenceUnitInfo [name: default]
2024-06-24T21:36:47.475+05:30  INFO 34880 --- [Employee-Management-Portal] [main] o.h.c.internal.RegionFactoryInitiator    : HHH000026: Second-level cache disabled
2024-06-24T21:36:47.480+05:30  INFO 34880 --- [Employee-Management-Portal] [main] o.s.o.j.p.SpringPersistenceUnitInfo      : No LoadTimeWeaver setup: ignoring JPA class transformer
2024-06-24T21:36:47.481+05:30  INFO 34880 --- [Employee-Management-Portal] [main] com.zaxxer.hikari.HikariDataSource       : HikariPool-2 - Starting...
2024-06-24T21:36:47.542+05:30  INFO 34880 --- [Employee-Management-Portal] [main] com.zaxxer.hikari.pool.HikariPool        : HikariPool-2 - Added connection org.postgresql.jdbc.PgConnection@54c39f18
2024-06-24T21:36:47.542+05:30  INFO 34880 --- [Employee-Management-Portal] [main] com.zaxxer.hikari.HikariDataSource       : HikariPool-2 - Start completed.
2024-06-24T21:36:47.682+05:30  INFO 34880 --- [Employee-Management-Portal] [main] o.h.e.t.j.p.i.JtaPlatformInitiator       : HHH000489: No JTA platform available (set 'hibernate.transaction.jta.platform' to enable JTA platform integration)
2024-06-24T21:36:47.758+05:30  INFO 34880 --- [Employee-Management-Portal] [main] j.LocalContainerEntityManagerFactoryBean : Initialized JPA EntityManagerFactory for persistence unit 'default'
2024-06-24T21:36:47.906+05:30  WARN 34880 --- [Employee-Management-Portal] [main] JpaBaseConfiguration$JpaWebConfiguration : spring.jpa.open-in-view is enabled by default. Therefore, database queries may be performed during view rendering. Explicitly configure spring.jpa.open-in-view to disable this warning
2024-06-24T21:36:48.025+05:30  INFO 34880 --- [Employee-Management-Portal] [main] o.s.s.web.DefaultSecurityFilterChain     : Will secure any request with [org.springframework.security.web.session.DisableEncodeUrlFilter@179ec87a, org.springframework.security.web.context.request.async.WebAsyncManagerIntegrationFilter@6dcffd3e, org.springframework.security.web.context.SecurityContextHolderFilter@2a20bb2a, org.springframework.security.web.header.HeaderWriterFilter@108db813, org.springframework.web.filter.CorsFilter@72ba41f7, org.springframework.security.web.authentication.logout.LogoutFilter@c8ed4bb, com.employee.Employee.Management.Portal.config.JwtTokenValidator@1e46b33b, org.springframework.security.web.savedrequest.RequestCacheAwareFilter@1a363c85, org.springframework.security.web.servletapi.SecurityContextHolderAwareRequestFilter@678652f0, org.springframework.security.web.authentication.AnonymousAuthenticationFilter@7ffa7591, org.springframework.security.web.session.SessionManagementFilter@316eae87, org.springframework.security.web.access.ExceptionTranslationFilter@16c4dc4f, org.springframework.security.web.access.intercept.AuthorizationFilter@7233c467]
2024-06-24T21:36:48.172+05:30  INFO 34880 --- [Employee-Management-Portal] [main] o.s.b.t.m.w.SpringBootMockServletContext : Initializing Spring TestDispatcherServlet ''
2024-06-24T21:36:48.172+05:30  INFO 34880 --- [Employee-Management-Portal] [main] o.s.t.web.servlet.TestDispatcherServlet  : Initializing Servlet ''
2024-06-24T21:36:48.173+05:30  INFO 34880 --- [Employee-Management-Portal] [main] o.s.t.web.servlet.TestDispatcherServlet  : Completed initialization in 1 ms
2024-06-24T21:36:48.184+05:30  INFO 34880 --- [Employee-Management-Portal] [main] c.e.E.M.P.controller.AuthControllerTest  : Started AuthControllerTest in 1.212 seconds (process running for 16.277)
2024-06-24T21:36:48.400+05:30  INFO 34880 --- [Employee-Management-Portal] [main] o.s.mock.web.MockServletContext          : Initializing Spring TestDispatcherServlet ''
2024-06-24T21:36:48.400+05:30  INFO 34880 --- [Employee-Management-Portal] [main] o.s.t.web.servlet.TestDispatcherServlet  : Initializing Servlet ''
2024-06-24T21:36:48.400+05:30  INFO 34880 --- [Employee-Management-Portal] [main] o.s.t.web.servlet.TestDispatcherServlet  : Completed initialization in 0 ms
2024-06-24T21:36:48.401+05:30  INFO 34880 --- [Employee-Management-Portal] [main] c.e.E.M.P.controller.EmployeeController  : Started get employee by email controller
2024-06-24T21:36:48.402+05:30  INFO 34880 --- [Employee-Management-Portal] [main] c.e.E.M.P.controller.EmployeeController  : Ended get employee by email controller
2024-06-24T21:36:48.434+05:30  INFO 34880 --- [Employee-Management-Portal] [main] o.s.mock.web.MockServletContext          : Initializing Spring TestDispatcherServlet ''
2024-06-24T21:36:48.434+05:30  INFO 34880 --- [Employee-Management-Portal] [main] o.s.t.web.servlet.TestDispatcherServlet  : Initializing Servlet ''
2024-06-24T21:36:48.435+05:30  INFO 34880 --- [Employee-Management-Portal] [main] o.s.t.web.servlet.TestDispatcherServlet  : Completed initialization in 1 ms
2024-06-24T21:36:48.440+05:30  INFO 34880 --- [Employee-Management-Portal] [main] c.e.E.M.P.controller.EmployeeController  : Started update skills of employee controller
2024-06-24T21:36:48.441+05:30  INFO 34880 --- [Employee-Management-Portal] [main] c.e.E.M.P.controller.EmployeeController  : Ended update skills of employee controller
2024-06-24T21:36:48.452+05:30  INFO 34880 --- [Employee-Management-Portal] [main] o.s.mock.web.MockServletContext          : Initializing Spring TestDispatcherServlet ''
2024-06-24T21:36:48.452+05:30  INFO 34880 --- [Employee-Management-Portal] [main] o.s.t.web.servlet.TestDispatcherServlet  : Initializing Servlet ''
2024-06-24T21:36:48.453+05:30  INFO 34880 --- [Employee-Management-Portal] [main] o.s.t.web.servlet.TestDispatcherServlet  : Completed initialization in 1 ms
2024-06-24T21:36:48.455+05:30  INFO 34880 --- [Employee-Management-Portal] [main] c.e.E.M.P.controller.EmployeeController  : Started update skills of employee controller
2024-06-24T21:36:48.456+05:30  INFO 34880 --- [Employee-Management-Portal] [main] c.e.E.M.P.controller.EmployeeController  : Ended update skills of employee controller
2024-06-24T21:36:48.470+05:30  INFO 34880 --- [Employee-Management-Portal] [main] o.s.mock.web.MockServletContext          : Initializing Spring TestDispatcherServlet ''
2024-06-24T21:36:48.470+05:30  INFO 34880 --- [Employee-Management-Portal] [main] o.s.t.web.servlet.TestDispatcherServlet  : Initializing Servlet ''
2024-06-24T21:36:48.470+05:30  INFO 34880 --- [Employee-Management-Portal] [main] o.s.t.web.servlet.TestDispatcherServlet  : Completed initialization in 0 ms
2024-06-24T21:36:48.475+05:30  INFO 34880 --- [Employee-Management-Portal] [main] c.e.E.M.P.controller.EmployeeController  : Started update password controller
2024-06-24T21:36:48.476+05:30  INFO 34880 --- [Employee-Management-Portal] [main] c.e.E.M.P.controller.EmployeeController  : Ended update password controller
2024-06-24T21:36:48.492+05:30  INFO 34880 --- [Employee-Management-Portal] [main] o.s.mock.web.MockServletContext          : Initializing Spring TestDispatcherServlet ''
2024-06-24T21:36:48.492+05:30  INFO 34880 --- [Employee-Management-Portal] [main] o.s.t.web.servlet.TestDispatcherServlet  : Initializing Servlet ''
2024-06-24T21:36:48.493+05:30  INFO 34880 --- [Employee-Management-Portal] [main] o.s.t.web.servlet.TestDispatcherServlet  : Completed initialization in 1 ms
2024-06-24T21:36:48.497+05:30  INFO 34880 --- [Employee-Management-Portal] [main] c.e.E.M.P.controller.RegisterController  : Started register controller
2024-06-24T21:36:48.498+05:30  INFO 34880 --- [Employee-Management-Portal] [main] c.e.E.M.P.controller.RegisterController  : Ended register controller
2024-06-24T21:36:48.563+05:30  INFO 34880 --- [Employee-Management-Portal] [main] o.s.mock.web.MockServletContext          : Initializing Spring TestDispatcherServlet ''
2024-06-24T21:36:48.564+05:30  INFO 34880 --- [Employee-Management-Portal] [main] o.s.t.web.servlet.TestDispatcherServlet  : Initializing Servlet ''
2024-06-24T21:36:48.564+05:30  INFO 34880 --- [Employee-Management-Portal] [main] o.s.t.web.servlet.TestDispatcherServlet  : Completed initialization in 0 ms
2024-06-24T21:36:48.571+05:30  INFO 34880 --- [Employee-Management-Portal] [main] c.e.E.M.P.controller.ResourceController  : Started create request resource controller
2024-06-24T21:36:48.572+05:30  INFO 34880 --- [Employee-Management-Portal] [main] c.e.E.M.P.controller.ResourceController  : Ended create request resource controller
2024-06-24T21:36:48.584+05:30  INFO 34880 --- [Employee-Management-Portal] [main] o.s.mock.web.MockServletContext          : Initializing Spring TestDispatcherServlet ''
2024-06-24T21:36:48.585+05:30  INFO 34880 --- [Employee-Management-Portal] [main] o.s.t.web.servlet.TestDispatcherServlet  : Initializing Servlet ''
2024-06-24T21:36:48.585+05:30  INFO 34880 --- [Employee-Management-Portal] [main] o.s.t.web.servlet.TestDispatcherServlet  : Completed initialization in 0 ms
2024-06-24T21:36:48.585+05:30  INFO 34880 --- [Employee-Management-Portal] [main] c.e.E.M.P.controller.ResourceController  : Started get all resource requests controller
2024-06-24T21:36:48.586+05:30  INFO 34880 --- [Employee-Management-Portal] [main] c.e.E.M.P.controller.ResourceController  : Ended get all resource requests controller
2024-06-24T21:36:48.600+05:30  INFO 34880 --- [Employee-Management-Portal] [main] o.s.mock.web.MockServletContext          : Initializing Spring TestDispatcherServlet ''
2024-06-24T21:36:48.600+05:30  INFO 34880 --- [Employee-Management-Portal] [main] o.s.t.web.servlet.TestDispatcherServlet  : Initializing Servlet ''
2024-06-24T21:36:48.600+05:30  INFO 34880 --- [Employee-Management-Portal] [main] o.s.t.web.servlet.TestDispatcherServlet  : Completed initialization in 0 ms
2024-06-24T21:36:48.602+05:30  INFO 34880 --- [Employee-Management-Portal] [main] c.e.E.M.P.controller.ResourceController  : Started is requested controller
2024-06-24T21:36:48.602+05:30  INFO 34880 --- [Employee-Management-Portal] [main] c.e.E.M.P.controller.ResourceController  : Ended is requested controller
2024-06-24T21:36:48.613+05:30  INFO 34880 --- [Employee-Management-Portal] [main] o.s.mock.web.MockServletContext          : Initializing Spring TestDispatcherServlet ''
2024-06-24T21:36:48.614+05:30  INFO 34880 --- [Employee-Management-Portal] [main] o.s.t.web.servlet.TestDispatcherServlet  : Initializing Servlet ''
2024-06-24T21:36:48.614+05:30  INFO 34880 --- [Employee-Management-Portal] [main] o.s.t.web.servlet.TestDispatcherServlet  : Completed initialization in 0 ms
2024-06-24T21:36:48.615+05:30  INFO 34880 --- [Employee-Management-Portal] [main] c.e.E.M.P.controller.ResourceController  : Started get all by manager email controller
2024-06-24T21:36:48.615+05:30  INFO 34880 --- [Employee-Management-Portal] [main] c.e.E.M.P.controller.ResourceController  : Ended get all by manager email controller
2024-06-24T21:36:48.627+05:30  INFO 34880 --- [Employee-Management-Portal] [main] o.s.mock.web.MockServletContext          : Initializing Spring TestDispatcherServlet ''
2024-06-24T21:36:48.627+05:30  INFO 34880 --- [Employee-Management-Portal] [main] o.s.t.web.servlet.TestDispatcherServlet  : Initializing Servlet ''
2024-06-24T21:36:48.627+05:30  INFO 34880 --- [Employee-Management-Portal] [main] o.s.t.web.servlet.TestDispatcherServlet  : Completed initialization in 0 ms
2024-06-24T21:36:48.628+05:30  INFO 34880 --- [Employee-Management-Portal] [main] c.e.E.M.P.controller.ResourceController  : Started get all by manager email controller
2024-06-24T21:36:48.628+05:30  INFO 34880 --- [Employee-Management-Portal] [main] c.e.E.M.P.controller.ResourceController  : Ended get all by manager email controller
2024-06-24T21:36:48.641+05:30  INFO 34880 --- [Employee-Management-Portal] [main] o.s.mock.web.MockServletContext          : Initializing Spring TestDispatcherServlet ''
2024-06-24T21:36:48.641+05:30  INFO 34880 --- [Employee-Management-Portal] [main] o.s.t.web.servlet.TestDispatcherServlet  : Initializing Servlet ''
2024-06-24T21:36:48.642+05:30  INFO 34880 --- [Employee-Management-Portal] [main] o.s.t.web.servlet.TestDispatcherServlet  : Completed initialization in 1 ms
2024-06-24T21:36:48.644+05:30  INFO 34880 --- [Employee-Management-Portal] [main] c.e.E.M.P.controller.ResourceController  : Started is requested controller
2024-06-24T21:36:48.644+05:30  INFO 34880 --- [Employee-Management-Portal] [main] c.e.E.M.P.controller.ResourceController  : Ended is requested controller
2024-06-24T21:36:48.654+05:30  INFO 34880 --- [Employee-Management-Portal] [main] o.s.mock.web.MockServletContext          : Initializing Spring TestDispatcherServlet ''
2024-06-24T21:36:48.654+05:30  INFO 34880 --- [Employee-Management-Portal] [main] o.s.t.web.servlet.TestDispatcherServlet  : Initializing Servlet ''
2024-06-24T21:36:48.654+05:30  INFO 34880 --- [Employee-Management-Portal] [main] o.s.t.web.servlet.TestDispatcherServlet  : Completed initialization in 0 ms
2024-06-24T21:36:48.655+05:30  INFO 34880 --- [Employee-Management-Portal] [main] c.e.E.M.P.controller.ResourceController  : Started reject resource request controller
2024-06-24T21:36:48.655+05:30  INFO 34880 --- [Employee-Management-Portal] [main] c.e.E.M.P.controller.ResourceController  : Ended reject resource request controller
2024-06-24T21:36:48.666+05:30  INFO 34880 --- [Employee-Management-Portal] [main] o.s.mock.web.MockServletContext          : Initializing Spring TestDispatcherServlet ''
2024-06-24T21:36:48.667+05:30  INFO 34880 --- [Employee-Management-Portal] [main] o.s.t.web.servlet.TestDispatcherServlet  : Initializing Servlet ''
2024-06-24T21:36:48.667+05:30  INFO 34880 --- [Employee-Management-Portal] [main] o.s.t.web.servlet.TestDispatcherServlet  : Completed initialization in 0 ms
2024-06-24T21:36:48.668+05:30  INFO 34880 --- [Employee-Management-Portal] [main] c.e.E.M.P.controller.ResourceController  : Started accept request controller
2024-06-24T21:36:48.668+05:30  INFO 34880 --- [Employee-Management-Portal] [main] c.e.E.M.P.controller.ResourceController  : Ended accept request controller
2024-06-24T21:36:49.125+05:30  INFO 34880 --- [Employee-Management-Portal] [main] t.c.s.AnnotationConfigContextLoaderUtils : Could not detect default configuration classes for test class [com.employee.Employee.Management.Portal.EmployeeManagementPortalApplicationTests]: EmployeeManagementPortalApplicationTests does not declare any static, non-private, non-final, nested classes annotated with @Configuration.
2024-06-24T21:36:49.134+05:30  INFO 34880 --- [Employee-Management-Portal] [main] .b.t.c.SpringBootTestContextBootstrapper : Found @SpringBootConfiguration com.employee.Employee.Management.Portal.EmployeeManagementPortalApplication for test class com.employee.Employee.Management.Portal.EmployeeManagementPortalApplicationTests
2024-06-24T21:36:49.137+05:30  INFO 34880 --- [Employee-Management-Portal] [main] o.s.b.d.r.RestartApplicationListener     : Restart disabled due to context in which it is running
2024-06-24T21:36:49.162+05:30  INFO 34880 --- [Employee-Management-Portal] [main] EmployeeManagementPortalApplicationTests : Starting EmployeeManagementPortalApplicationTests using Java 17.0.10 with PID 34880 (started by LEGION in D:\1_VERY_VERY_DEV\Training\Assignments\Capstone_Project_Employee_Management_Portal\Employee-Management-Portal)
2024-06-24T21:36:49.163+05:30  INFO 34880 --- [Employee-Management-Portal] [main] EmployeeManagementPortalApplicationTests : No active profile set, falling back to 1 default profile: "default"
2024-06-24T21:36:49.357+05:30  INFO 34880 --- [Employee-Management-Portal] [main] .s.d.r.c.RepositoryConfigurationDelegate : Bootstrapping Spring Data JPA repositories in DEFAULT mode.
2024-06-24T21:36:49.375+05:30  INFO 34880 --- [Employee-Management-Portal] [main] .s.d.r.c.RepositoryConfigurationDelegate : Finished Spring Data repository scanning in 18 ms. Found 4 JPA repository interfaces.
2024-06-24T21:36:49.468+05:30  INFO 34880 --- [Employee-Management-Portal] [main] o.hibernate.jpa.internal.util.LogHelper  : HHH000204: Processing PersistenceUnitInfo [name: default]
2024-06-24T21:36:49.470+05:30  INFO 34880 --- [Employee-Management-Portal] [main] o.h.c.internal.RegionFactoryInitiator    : HHH000026: Second-level cache disabled
2024-06-24T21:36:49.475+05:30  INFO 34880 --- [Employee-Management-Portal] [main] o.s.o.j.p.SpringPersistenceUnitInfo      : No LoadTimeWeaver setup: ignoring JPA class transformer
2024-06-24T21:36:49.476+05:30  INFO 34880 --- [Employee-Management-Portal] [main] com.zaxxer.hikari.HikariDataSource       : HikariPool-3 - Starting...
2024-06-24T21:36:49.524+05:30  INFO 34880 --- [Employee-Management-Portal] [main] com.zaxxer.hikari.pool.HikariPool        : HikariPool-3 - Added connection org.postgresql.jdbc.PgConnection@32da0224
2024-06-24T21:36:49.524+05:30  INFO 34880 --- [Employee-Management-Portal] [main] com.zaxxer.hikari.HikariDataSource       : HikariPool-3 - Start completed.
2024-06-24T21:36:49.671+05:30  INFO 34880 --- [Employee-Management-Portal] [main] o.h.e.t.j.p.i.JtaPlatformInitiator       : HHH000489: No JTA platform available (set 'hibernate.transaction.jta.platform' to enable JTA platform integration)
2024-06-24T21:36:49.755+05:30  INFO 34880 --- [Employee-Management-Portal] [main] j.LocalContainerEntityManagerFactoryBean : Initialized JPA EntityManagerFactory for persistence unit 'default'
2024-06-24T21:36:49.851+05:30  WARN 34880 --- [Employee-Management-Portal] [main] JpaBaseConfiguration$JpaWebConfiguration : spring.jpa.open-in-view is enabled by default. Therefore, database queries may be performed during view rendering. Explicitly configure spring.jpa.open-in-view to disable this warning
2024-06-24T21:36:49.970+05:30  INFO 34880 --- [Employee-Management-Portal] [main] o.s.s.web.DefaultSecurityFilterChain     : Will secure any request with [org.springframework.security.web.session.DisableEncodeUrlFilter@3c24f1ea, org.springframework.security.web.context.request.async.WebAsyncManagerIntegrationFilter@5b6702a0, org.springframework.security.web.context.SecurityContextHolderFilter@421fe966, org.springframework.security.web.header.HeaderWriterFilter@71eee2a8, org.springframework.web.filter.CorsFilter@1e20b7c0, org.springframework.security.web.authentication.logout.LogoutFilter@4624201e, com.employee.Employee.Management.Portal.config.JwtTokenValidator@7e4594ac, org.springframework.security.web.savedrequest.RequestCacheAwareFilter@1455d587, org.springframework.security.web.servletapi.SecurityContextHolderAwareRequestFilter@12289e07, org.springframework.security.web.authentication.AnonymousAuthenticationFilter@65f5912f, org.springframework.security.web.session.SessionManagementFilter@2699f2b8, org.springframework.security.web.access.ExceptionTranslationFilter@1158e89a, org.springframework.security.web.access.intercept.AuthorizationFilter@2a694d8d]
2024-06-24T21:36:50.066+05:30  INFO 34880 --- [Employee-Management-Portal] [main] o.s.b.t.m.w.SpringBootMockServletContext : Initializing Spring TestDispatcherServlet ''
2024-06-24T21:36:50.066+05:30  INFO 34880 --- [Employee-Management-Portal] [main] o.s.t.web.servlet.TestDispatcherServlet  : Initializing Servlet ''
2024-06-24T21:36:50.067+05:30  INFO 34880 --- [Employee-Management-Portal] [main] o.s.t.web.servlet.TestDispatcherServlet  : Completed initialization in 1 ms
2024-06-24T21:36:50.076+05:30  INFO 34880 --- [Employee-Management-Portal] [main] EmployeeManagementPortalApplicationTests : Started EmployeeManagementPortalApplicationTests in 0.939 seconds (process running for 18.168)
2024-06-24T21:36:50.852+05:30  INFO 34880 --- [Employee-Management-Portal] [SpringApplicationShutdownHook] j.LocalContainerEntityManagerFactoryBean : Closing JPA EntityManagerFactory for persistence unit 'default'
2024-06-24T21:36:50.855+05:30  INFO 34880 --- [Employee-Management-Portal] [SpringApplicationShutdownHook] com.zaxxer.hikari.HikariDataSource       : HikariPool-1 - Shutdown initiated...
2024-06-24T21:36:50.859+05:30  INFO 34880 --- [Employee-Management-Portal] [SpringApplicationShutdownHook] com.zaxxer.hikari.HikariDataSource       : HikariPool-1 - Shutdown completed.
2024-06-24T21:36:50.866+05:30  INFO 34880 --- [Employee-Management-Portal] [SpringApplicationShutdownHook] j.LocalContainerEntityManagerFactoryBean : Closing JPA EntityManagerFactory for persistence unit 'default'
2024-06-24T21:36:50.867+05:30  INFO 34880 --- [Employee-Management-Portal] [SpringApplicationShutdownHook] com.zaxxer.hikari.HikariDataSource       : HikariPool-2 - Shutdown initiated...
2024-06-24T21:36:50.871+05:30  INFO 34880 --- [Employee-Management-Portal] [SpringApplicationShutdownHook] com.zaxxer.hikari.HikariDataSource       : HikariPool-2 - Shutdown completed.
2024-06-24T21:36:50.874+05:30  INFO 34880 --- [Employee-Management-Portal] [SpringApplicationShutdownHook] j.LocalContainerEntityManagerFactoryBean : Closing JPA EntityManagerFactory for persistence unit 'default'
2024-06-24T21:36:50.875+05:30  INFO 34880 --- [Employee-Management-Portal] [SpringApplicationShutdownHook] com.zaxxer.hikari.HikariDataSource       : HikariPool-3 - Shutdown initiated...
2024-06-24T21:36:50.878+05:30  INFO 34880 --- [Employee-Management-Portal] [SpringApplicationShutdownHook] com.zaxxer.hikari.HikariDataSource       : HikariPool-3 - Shutdown completed.
2024-06-24T21:37:31.978+05:30  INFO 29948 --- [Employee-Management-Portal] [main] EmployeeManagementPortalApplicationTests : Starting EmployeeManagementPortalApplicationTests using Java 17.0.10 with PID 29948 (started by LEGION in D:\1_VERY_VERY_DEV\Training\Assignments\Capstone_Project_Employee_Management_Portal\Employee-Management-Portal)
2024-06-24T21:37:31.980+05:30  INFO 29948 --- [Employee-Management-Portal] [main] EmployeeManagementPortalApplicationTests : No active profile set, falling back to 1 default profile: "default"
2024-06-24T21:37:32.895+05:30  INFO 29948 --- [Employee-Management-Portal] [main] .s.d.r.c.RepositoryConfigurationDelegate : Bootstrapping Spring Data JPA repositories in DEFAULT mode.
2024-06-24T21:37:33.001+05:30  INFO 29948 --- [Employee-Management-Portal] [main] .s.d.r.c.RepositoryConfigurationDelegate : Finished Spring Data repository scanning in 82 ms. Found 4 JPA repository interfaces.
2024-06-24T21:37:33.758+05:30  INFO 29948 --- [Employee-Management-Portal] [main] o.hibernate.jpa.internal.util.LogHelper  : HHH000204: Processing PersistenceUnitInfo [name: default]
2024-06-24T21:37:33.873+05:30  INFO 29948 --- [Employee-Management-Portal] [main] org.hibernate.Version                    : HHH000412: Hibernate ORM core version 6.4.4.Final
2024-06-24T21:37:33.937+05:30  INFO 29948 --- [Employee-Management-Portal] [main] o.h.c.internal.RegionFactoryInitiator    : HHH000026: Second-level cache disabled
2024-06-24T21:37:34.173+05:30  INFO 29948 --- [Employee-Management-Portal] [main] o.s.o.j.p.SpringPersistenceUnitInfo      : No LoadTimeWeaver setup: ignoring JPA class transformer
2024-06-24T21:37:34.233+05:30  INFO 29948 --- [Employee-Management-Portal] [main] com.zaxxer.hikari.HikariDataSource       : HikariPool-1 - Starting...
2024-06-24T21:37:34.676+05:30  INFO 29948 --- [Employee-Management-Portal] [main] com.zaxxer.hikari.pool.HikariPool        : HikariPool-1 - Added connection org.postgresql.jdbc.PgConnection@17addae
2024-06-24T21:37:34.679+05:30  INFO 29948 --- [Employee-Management-Portal] [main] com.zaxxer.hikari.HikariDataSource       : HikariPool-1 - Start completed.
2024-06-24T21:37:36.579+05:30  INFO 29948 --- [Employee-Management-Portal] [main] o.h.e.t.j.p.i.JtaPlatformInitiator       : HHH000489: No JTA platform available (set 'hibernate.transaction.jta.platform' to enable JTA platform integration)
2024-06-24T21:37:36.720+05:30  INFO 29948 --- [Employee-Management-Portal] [main] j.LocalContainerEntityManagerFactoryBean : Initialized JPA EntityManagerFactory for persistence unit 'default'
2024-06-24T21:37:37.395+05:30  WARN 29948 --- [Employee-Management-Portal] [main] JpaBaseConfiguration$JpaWebConfiguration : spring.jpa.open-in-view is enabled by default. Therefore, database queries may be performed during view rendering. Explicitly configure spring.jpa.open-in-view to disable this warning
2024-06-24T21:37:37.781+05:30  INFO 29948 --- [Employee-Management-Portal] [main] o.s.s.web.DefaultSecurityFilterChain     : Will secure any request with [org.springframework.security.web.session.DisableEncodeUrlFilter@1d125614, org.springframework.security.web.context.request.async.WebAsyncManagerIntegrationFilter@65518f65, org.springframework.security.web.context.SecurityContextHolderFilter@71f2d914, org.springframework.security.web.header.HeaderWriterFilter@10cef9b7, org.springframework.web.filter.CorsFilter@73508aaf, org.springframework.security.web.authentication.logout.LogoutFilter@347f2711, com.employee.Employee.Management.Portal.config.JwtTokenValidator@2cf7040, org.springframework.security.web.savedrequest.RequestCacheAwareFilter@73ddcbae, org.springframework.security.web.servletapi.SecurityContextHolderAwareRequestFilter@1495fde4, org.springframework.security.web.authentication.AnonymousAuthenticationFilter@de224fb, org.springframework.security.web.session.SessionManagementFilter@4cf1daa1, org.springframework.security.web.access.ExceptionTranslationFilter@3f656ee5, org.springframework.security.web.access.intercept.AuthorizationFilter@4f36f1b2]
2024-06-24T21:37:38.135+05:30  INFO 29948 --- [Employee-Management-Portal] [main] o.s.b.t.m.w.SpringBootMockServletContext : Initializing Spring TestDispatcherServlet ''
2024-06-24T21:37:38.136+05:30  INFO 29948 --- [Employee-Management-Portal] [main] o.s.t.web.servlet.TestDispatcherServlet  : Initializing Servlet ''
2024-06-24T21:37:38.136+05:30  INFO 29948 --- [Employee-Management-Portal] [main] o.s.t.web.servlet.TestDispatcherServlet  : Completed initialization in 0 ms
2024-06-24T21:37:38.158+05:30  INFO 29948 --- [Employee-Management-Portal] [main] EmployeeManagementPortalApplicationTests : Started EmployeeManagementPortalApplicationTests in 6.677 seconds (process running for 14.395)
2024-06-24T21:37:39.363+05:30  INFO 29948 --- [Employee-Management-Portal] [main] o.s.mock.web.MockServletContext          : Initializing Spring TestDispatcherServlet ''
2024-06-24T21:37:39.363+05:30  INFO 29948 --- [Employee-Management-Portal] [main] o.s.t.web.servlet.TestDispatcherServlet  : Initializing Servlet ''
2024-06-24T21:37:39.363+05:30  INFO 29948 --- [Employee-Management-Portal] [main] o.s.t.web.servlet.TestDispatcherServlet  : Completed initialization in 0 ms
2024-06-24T21:37:39.368+05:30  INFO 29948 --- [Employee-Management-Portal] [main] c.e.E.M.P.controller.RegisterController  : Started register controller
2024-06-24T21:37:39.368+05:30  INFO 29948 --- [Employee-Management-Portal] [main] c.e.E.M.P.controller.RegisterController  : Ended register controller
2024-06-24T21:37:39.517+05:30  INFO 29948 --- [Employee-Management-Portal] [main] t.c.s.AnnotationConfigContextLoaderUtils : Could not detect default configuration classes for test class [com.employee.Employee.Management.Portal.controller.AdminControllerTest]: AdminControllerTest does not declare any static, non-private, non-final, nested classes annotated with @Configuration.
2024-06-24T21:37:39.535+05:30  INFO 29948 --- [Employee-Management-Portal] [main] .b.t.c.SpringBootTestContextBootstrapper : Found @SpringBootConfiguration com.employee.Employee.Management.Portal.EmployeeManagementPortalApplication for test class com.employee.Employee.Management.Portal.controller.AdminControllerTest
2024-06-24T21:37:39.540+05:30  INFO 29948 --- [Employee-Management-Portal] [main] o.s.b.d.r.RestartApplicationListener     : Restart disabled due to context in which it is running
2024-06-24T21:37:39.577+05:30  INFO 29948 --- [Employee-Management-Portal] [main] c.e.E.M.P.c.AdminControllerTest          : Starting AdminControllerTest using Java 17.0.10 with PID 29948 (started by LEGION in D:\1_VERY_VERY_DEV\Training\Assignments\Capstone_Project_Employee_Management_Portal\Employee-Management-Portal)
2024-06-24T21:37:39.578+05:30  INFO 29948 --- [Employee-Management-Portal] [main] c.e.E.M.P.c.AdminControllerTest          : No active profile set, falling back to 1 default profile: "default"
2024-06-24T21:37:39.822+05:30  INFO 29948 --- [Employee-Management-Portal] [main] .s.d.r.c.RepositoryConfigurationDelegate : Bootstrapping Spring Data JPA repositories in DEFAULT mode.
2024-06-24T21:37:39.839+05:30  INFO 29948 --- [Employee-Management-Portal] [main] .s.d.r.c.RepositoryConfigurationDelegate : Finished Spring Data repository scanning in 17 ms. Found 4 JPA repository interfaces.
2024-06-24T21:37:39.995+05:30  INFO 29948 --- [Employee-Management-Portal] [main] o.hibernate.jpa.internal.util.LogHelper  : HHH000204: Processing PersistenceUnitInfo [name: default]
2024-06-24T21:37:39.998+05:30  INFO 29948 --- [Employee-Management-Portal] [main] o.h.c.internal.RegionFactoryInitiator    : HHH000026: Second-level cache disabled
2024-06-24T21:37:40.002+05:30  INFO 29948 --- [Employee-Management-Portal] [main] o.s.o.j.p.SpringPersistenceUnitInfo      : No LoadTimeWeaver setup: ignoring JPA class transformer
2024-06-24T21:37:40.003+05:30  INFO 29948 --- [Employee-Management-Portal] [main] com.zaxxer.hikari.HikariDataSource       : HikariPool-2 - Starting...
2024-06-24T21:37:40.054+05:30  INFO 29948 --- [Employee-Management-Portal] [main] com.zaxxer.hikari.pool.HikariPool        : HikariPool-2 - Added connection org.postgresql.jdbc.PgConnection@9d120b3
2024-06-24T21:37:40.054+05:30  INFO 29948 --- [Employee-Management-Portal] [main] com.zaxxer.hikari.HikariDataSource       : HikariPool-2 - Start completed.
2024-06-24T21:37:40.213+05:30  INFO 29948 --- [Employee-Management-Portal] [main] o.h.e.t.j.p.i.JtaPlatformInitiator       : HHH000489: No JTA platform available (set 'hibernate.transaction.jta.platform' to enable JTA platform integration)
2024-06-24T21:37:40.337+05:30  INFO 29948 --- [Employee-Management-Portal] [main] j.LocalContainerEntityManagerFactoryBean : Initialized JPA EntityManagerFactory for persistence unit 'default'
2024-06-24T21:37:40.430+05:30  WARN 29948 --- [Employee-Management-Portal] [main] JpaBaseConfiguration$JpaWebConfiguration : spring.jpa.open-in-view is enabled by default. Therefore, database queries may be performed during view rendering. Explicitly configure spring.jpa.open-in-view to disable this warning
2024-06-24T21:37:40.542+05:30  INFO 29948 --- [Employee-Management-Portal] [main] o.s.s.web.DefaultSecurityFilterChain     : Will secure any request with [org.springframework.security.web.session.DisableEncodeUrlFilter@275e1439, org.springframework.security.web.context.request.async.WebAsyncManagerIntegrationFilter@111ecbdb, org.springframework.security.web.context.SecurityContextHolderFilter@37646b92, org.springframework.security.web.header.HeaderWriterFilter@264c2a4f, org.springframework.web.filter.CorsFilter@508c2638, org.springframework.security.web.authentication.logout.LogoutFilter@6e9b1db4, com.employee.Employee.Management.Portal.config.JwtTokenValidator@3e958934, org.springframework.security.web.savedrequest.RequestCacheAwareFilter@e34e6c5, org.springframework.security.web.servletapi.SecurityContextHolderAwareRequestFilter@496dab1e, org.springframework.security.web.authentication.AnonymousAuthenticationFilter@693dad03, org.springframework.security.web.session.SessionManagementFilter@573c8ab2, org.springframework.security.web.access.ExceptionTranslationFilter@403f3ac9, org.springframework.security.web.access.intercept.AuthorizationFilter@6321aacf]
2024-06-24T21:37:40.642+05:30  INFO 29948 --- [Employee-Management-Portal] [main] o.s.b.t.m.w.SpringBootMockServletContext : Initializing Spring TestDispatcherServlet ''
2024-06-24T21:37:40.643+05:30  INFO 29948 --- [Employee-Management-Portal] [main] o.s.t.web.servlet.TestDispatcherServlet  : Initializing Servlet ''
2024-06-24T21:37:40.644+05:30  INFO 29948 --- [Employee-Management-Portal] [main] o.s.t.web.servlet.TestDispatcherServlet  : Completed initialization in 1 ms
2024-06-24T21:37:40.652+05:30  INFO 29948 --- [Employee-Management-Portal] [main] c.e.E.M.P.c.AdminControllerTest          : Started AdminControllerTest in 1.112 seconds (process running for 16.889)
2024-06-24T21:37:40.672+05:30  INFO 29948 --- [Employee-Management-Portal] [main] c.e.E.M.P.controller.AdminController     : Started get filtered users controller
2024-06-24T21:37:40.673+05:30  INFO 29948 --- [Employee-Management-Portal] [main] c.e.E.M.P.controller.AdminController     : Ended get filtered users controller
2024-06-24T21:37:40.704+05:30  INFO 29948 --- [Employee-Management-Portal] [main] c.e.E.M.P.controller.AdminController     : Started unassign project controller
2024-06-24T21:37:40.705+05:30  INFO 29948 --- [Employee-Management-Portal] [main] c.e.E.M.P.controller.AdminController     : Ended unassign project controller
2024-06-24T21:37:40.713+05:30  INFO 29948 --- [Employee-Management-Portal] [main] c.e.E.M.P.controller.AdminController     : Started get all managers controller
2024-06-24T21:37:40.714+05:30  INFO 29948 --- [Employee-Management-Portal] [main] c.e.E.M.P.controller.AdminController     : Ended get all managers controller
2024-06-24T21:37:40.758+05:30  INFO 29948 --- [Employee-Management-Portal] [main] c.e.E.M.P.controller.AdminController     : Started add user controller
2024-06-24T21:37:40.758+05:30  INFO 29948 --- [Employee-Management-Portal] [main] c.e.E.M.P.controller.AdminController     : Ended add user controller
2024-06-24T21:37:40.774+05:30  INFO 29948 --- [Employee-Management-Portal] [main] c.e.E.M.P.controller.AdminController     : Started update user controller
2024-06-24T21:37:40.775+05:30  INFO 29948 --- [Employee-Management-Portal] [main] c.e.E.M.P.controller.AdminController     : Ended update user controller
2024-06-24T21:37:40.786+05:30  INFO 29948 --- [Employee-Management-Portal] [main] c.e.E.M.P.controller.AdminController     : Started get all managers info controller
2024-06-24T21:37:40.787+05:30  INFO 29948 --- [Employee-Management-Portal] [main] c.e.E.M.P.controller.AdminController     : Ended get all managers info controller
2024-06-24T21:37:40.796+05:30  INFO 29948 --- [Employee-Management-Portal] [main] c.e.E.M.P.controller.AdminController     : Started get userDetails controller
2024-06-24T21:37:40.797+05:30  INFO 29948 --- [Employee-Management-Portal] [main] c.e.E.M.P.controller.AdminController     : Ended get userDetails controller
2024-06-24T21:37:40.802+05:30  INFO 29948 --- [Employee-Management-Portal] [main] c.e.E.M.P.controller.AdminController     : Started get userDetails controller
2024-06-24T21:37:40.803+05:30  INFO 29948 --- [Employee-Management-Portal] [main] c.e.E.M.P.controller.AdminController     : Ended get userDetails controller
2024-06-24T21:37:40.811+05:30  INFO 29948 --- [Employee-Management-Portal] [main] c.e.E.M.P.controller.AdminController     : Started get employee skill controller
2024-06-24T21:37:40.811+05:30  INFO 29948 --- [Employee-Management-Portal] [main] c.e.E.M.P.controller.AdminController     : Ended get employee skill controller
2024-06-24T21:37:40.830+05:30  INFO 29948 --- [Employee-Management-Portal] [main] c.e.E.M.P.controller.AdminController     : Started assign project controller
2024-06-24T21:37:40.831+05:30  INFO 29948 --- [Employee-Management-Portal] [main] c.e.E.M.P.controller.AdminController     : Ended assign project controller
2024-06-24T21:37:40.839+05:30  INFO 29948 --- [Employee-Management-Portal] [main] c.e.E.M.P.controller.AdminController     : Started get all projects by manager id controller
2024-06-24T21:37:40.840+05:30  INFO 29948 --- [Employee-Management-Portal] [main] c.e.E.M.P.controller.AdminController     : Ended get all projects by manager id controller
2024-06-24T21:37:40.851+05:30  INFO 29948 --- [Employee-Management-Portal] [main] c.e.E.M.P.controller.AdminController     : Started get all skills controller
2024-06-24T21:37:40.854+05:30  INFO 29948 --- [Employee-Management-Portal] [main] c.e.E.M.P.controller.AdminController     : Started get all skills controller
2024-06-24T21:37:40.864+05:30  INFO 29948 --- [Employee-Management-Portal] [main] c.e.E.M.P.controller.AdminController     : Started get all projects for assign controller
2024-06-24T21:37:40.864+05:30  INFO 29948 --- [Employee-Management-Portal] [main] c.e.E.M.P.controller.AdminController     : Ended get all projects for assign controller
2024-06-24T21:37:40.884+05:30  INFO 29948 --- [Employee-Management-Portal] [main] c.e.E.M.P.controller.AdminController     : Started add project controller
2024-06-24T21:37:40.885+05:30  INFO 29948 --- [Employee-Management-Portal] [main] c.e.E.M.P.controller.AdminController     : Ended add project controller
2024-06-24T21:37:40.891+05:30  INFO 29948 --- [Employee-Management-Portal] [main] c.e.E.M.P.controller.AdminController     : Started get all employees controller
2024-06-24T21:37:40.891+05:30  INFO 29948 --- [Employee-Management-Portal] [main] c.e.E.M.P.controller.AdminController     : Ended get all employees controller
2024-06-24T21:37:40.897+05:30  INFO 29948 --- [Employee-Management-Portal] [main] c.e.E.M.P.controller.AdminController     : Started get all employees and managers controller
2024-06-24T21:37:40.897+05:30  INFO 29948 --- [Employee-Management-Portal] [main] c.e.E.M.P.controller.AdminController     : Ended get all employees and managers controller
2024-06-24T21:37:40.904+05:30  INFO 29948 --- [Employee-Management-Portal] [main] c.e.E.M.P.controller.AdminController     : Started delete employee controller
2024-06-24T21:37:40.904+05:30  INFO 29948 --- [Employee-Management-Portal] [main] c.e.E.M.P.controller.AdminController     : Ended delete employee controller
2024-06-24T21:37:40.910+05:30  INFO 29948 --- [Employee-Management-Portal] [main] c.e.E.M.P.controller.AdminController     : Started get all projects controller
2024-06-24T21:37:40.911+05:30  INFO 29948 --- [Employee-Management-Portal] [main] c.e.E.M.P.controller.AdminController     : Ended get all projects controller
2024-06-24T21:37:40.916+05:30  INFO 29948 --- [Employee-Management-Portal] [main] t.c.s.AnnotationConfigContextLoaderUtils : Could not detect default configuration classes for test class [com.employee.Employee.Management.Portal.controller.AuthControllerTest]: AuthControllerTest does not declare any static, non-private, non-final, nested classes annotated with @Configuration.
2024-06-24T21:37:40.919+05:30  INFO 29948 --- [Employee-Management-Portal] [main] .b.t.c.SpringBootTestContextBootstrapper : Found @SpringBootConfiguration com.employee.Employee.Management.Portal.EmployeeManagementPortalApplication for test class com.employee.Employee.Management.Portal.controller.AuthControllerTest
2024-06-24T21:37:40.922+05:30  INFO 29948 --- [Employee-Management-Portal] [main] o.s.b.d.r.RestartApplicationListener     : Restart disabled due to context in which it is running
2024-06-24T21:37:40.943+05:30  INFO 29948 --- [Employee-Management-Portal] [main] c.e.E.M.P.controller.AuthControllerTest  : Starting AuthControllerTest using Java 17.0.10 with PID 29948 (started by LEGION in D:\1_VERY_VERY_DEV\Training\Assignments\Capstone_Project_Employee_Management_Portal\Employee-Management-Portal)
2024-06-24T21:37:40.943+05:30  INFO 29948 --- [Employee-Management-Portal] [main] c.e.E.M.P.controller.AuthControllerTest  : No active profile set, falling back to 1 default profile: "default"
2024-06-24T21:37:41.131+05:30  INFO 29948 --- [Employee-Management-Portal] [main] .s.d.r.c.RepositoryConfigurationDelegate : Bootstrapping Spring Data JPA repositories in DEFAULT mode.
2024-06-24T21:37:41.147+05:30  INFO 29948 --- [Employee-Management-Portal] [main] .s.d.r.c.RepositoryConfigurationDelegate : Finished Spring Data repository scanning in 15 ms. Found 4 JPA repository interfaces.
2024-06-24T21:37:41.309+05:30  INFO 29948 --- [Employee-Management-Portal] [main] o.hibernate.jpa.internal.util.LogHelper  : HHH000204: Processing PersistenceUnitInfo [name: default]
2024-06-24T21:37:41.313+05:30  INFO 29948 --- [Employee-Management-Portal] [main] o.h.c.internal.RegionFactoryInitiator    : HHH000026: Second-level cache disabled
2024-06-24T21:37:41.317+05:30  INFO 29948 --- [Employee-Management-Portal] [main] o.s.o.j.p.SpringPersistenceUnitInfo      : No LoadTimeWeaver setup: ignoring JPA class transformer
2024-06-24T21:37:41.317+05:30  INFO 29948 --- [Employee-Management-Portal] [main] com.zaxxer.hikari.HikariDataSource       : HikariPool-3 - Starting...
2024-06-24T21:37:41.360+05:30  INFO 29948 --- [Employee-Management-Portal] [main] com.zaxxer.hikari.pool.HikariPool        : HikariPool-3 - Added connection org.postgresql.jdbc.PgConnection@492492df
2024-06-24T21:37:41.361+05:30  INFO 29948 --- [Employee-Management-Portal] [main] com.zaxxer.hikari.HikariDataSource       : HikariPool-3 - Start completed.
2024-06-24T21:37:41.477+05:30  INFO 29948 --- [Employee-Management-Portal] [main] o.h.e.t.j.p.i.JtaPlatformInitiator       : HHH000489: No JTA platform available (set 'hibernate.transaction.jta.platform' to enable JTA platform integration)
2024-06-24T21:37:41.562+05:30  INFO 29948 --- [Employee-Management-Portal] [main] j.LocalContainerEntityManagerFactoryBean : Initialized JPA EntityManagerFactory for persistence unit 'default'
2024-06-24T21:37:41.650+05:30  WARN 29948 --- [Employee-Management-Portal] [main] JpaBaseConfiguration$JpaWebConfiguration : spring.jpa.open-in-view is enabled by default. Therefore, database queries may be performed during view rendering. Explicitly configure spring.jpa.open-in-view to disable this warning
2024-06-24T21:37:41.774+05:30  INFO 29948 --- [Employee-Management-Portal] [main] o.s.s.web.DefaultSecurityFilterChain     : Will secure any request with [org.springframework.security.web.session.DisableEncodeUrlFilter@9607c70, org.springframework.security.web.context.request.async.WebAsyncManagerIntegrationFilter@2a3500c8, org.springframework.security.web.context.SecurityContextHolderFilter@67233309, org.springframework.security.web.header.HeaderWriterFilter@7852d607, org.springframework.web.filter.CorsFilter@6d94d18c, org.springframework.security.web.authentication.logout.LogoutFilter@74eaf39f, com.employee.Employee.Management.Portal.config.JwtTokenValidator@5ad5f982, org.springframework.security.web.savedrequest.RequestCacheAwareFilter@26518c4e, org.springframework.security.web.servletapi.SecurityContextHolderAwareRequestFilter@48dd946d, org.springframework.security.web.authentication.AnonymousAuthenticationFilter@505c9d54, org.springframework.security.web.session.SessionManagementFilter@120a0751, org.springframework.security.web.access.ExceptionTranslationFilter@717618a3, org.springframework.security.web.access.intercept.AuthorizationFilter@7aa9bbff]
2024-06-24T21:37:41.859+05:30  INFO 29948 --- [Employee-Management-Portal] [main] o.s.b.t.m.w.SpringBootMockServletContext : Initializing Spring TestDispatcherServlet ''
2024-06-24T21:37:41.860+05:30  INFO 29948 --- [Employee-Management-Portal] [main] o.s.t.web.servlet.TestDispatcherServlet  : Initializing Servlet ''
2024-06-24T21:37:41.860+05:30  INFO 29948 --- [Employee-Management-Portal] [main] o.s.t.web.servlet.TestDispatcherServlet  : Completed initialization in 0 ms
2024-06-24T21:37:41.868+05:30  INFO 29948 --- [Employee-Management-Portal] [main] c.e.E.M.P.controller.AuthControllerTest  : Started AuthControllerTest in 0.947 seconds (process running for 18.105)
2024-06-24T21:37:42.205+05:30  INFO 29948 --- [Employee-Management-Portal] [SpringApplicationShutdownHook] j.LocalContainerEntityManagerFactoryBean : Closing JPA EntityManagerFactory for persistence unit 'default'
2024-06-24T21:37:42.209+05:30  INFO 29948 --- [Employee-Management-Portal] [SpringApplicationShutdownHook] com.zaxxer.hikari.HikariDataSource       : HikariPool-1 - Shutdown initiated...
2024-06-24T21:37:42.214+05:30  INFO 29948 --- [Employee-Management-Portal] [SpringApplicationShutdownHook] com.zaxxer.hikari.HikariDataSource       : HikariPool-1 - Shutdown completed.
2024-06-24T21:37:42.219+05:30  INFO 29948 --- [Employee-Management-Portal] [SpringApplicationShutdownHook] j.LocalContainerEntityManagerFactoryBean : Closing JPA EntityManagerFactory for persistence unit 'default'
2024-06-24T21:37:42.221+05:30  INFO 29948 --- [Employee-Management-Portal] [SpringApplicationShutdownHook] com.zaxxer.hikari.HikariDataSource       : HikariPool-2 - Shutdown initiated...
2024-06-24T21:37:42.226+05:30  INFO 29948 --- [Employee-Management-Portal] [SpringApplicationShutdownHook] com.zaxxer.hikari.HikariDataSource       : HikariPool-2 - Shutdown completed.
2024-06-24T21:37:42.228+05:30  INFO 29948 --- [Employee-Management-Portal] [SpringApplicationShutdownHook] j.LocalContainerEntityManagerFactoryBean : Closing JPA EntityManagerFactory for persistence unit 'default'
2024-06-24T21:37:42.229+05:30  INFO 29948 --- [Employee-Management-Portal] [SpringApplicationShutdownHook] com.zaxxer.hikari.HikariDataSource       : HikariPool-3 - Shutdown initiated...
2024-06-24T21:37:42.233+05:30  INFO 29948 --- [Employee-Management-Portal] [SpringApplicationShutdownHook] com.zaxxer.hikari.HikariDataSource       : HikariPool-3 - Shutdown completed.
2024-06-24T21:37:51.721+05:30  INFO 8232 --- [Employee-Management-Portal] [SpringApplicationShutdownHook] j.LocalContainerEntityManagerFactoryBean : Closing JPA EntityManagerFactory for persistence unit 'default'
2024-06-24T21:37:51.721+05:30  INFO 8232 --- [Employee-Management-Portal] [SpringApplicationShutdownHook] com.zaxxer.hikari.HikariDataSource       : HikariPool-3 - Shutdown initiated...
2024-06-24T21:37:51.723+05:30  INFO 8232 --- [Employee-Management-Portal] [SpringApplicationShutdownHook] com.zaxxer.hikari.HikariDataSource       : HikariPool-3 - Shutdown completed.
2024-06-24T21:38:14.821+05:30  INFO 42556 --- [Employee-Management-Portal] [restartedMain] .M.P.EmployeeManagementPortalApplication : Starting EmployeeManagementPortalApplication using Java 17.0.10 with PID 42556 (D:\1_VERY_VERY_DEV\Training\Assignments\Capstone_Project_Employee_Management_Portal\Employee-Management-Portal\target\classes started by LEGION in D:\1_VERY_VERY_DEV\Training\Assignments\Capstone_Project_Employee_Management_Portal\Employee-Management-Portal)
2024-06-24T21:38:14.824+05:30  INFO 42556 --- [Employee-Management-Portal] [restartedMain] .M.P.EmployeeManagementPortalApplication : No active profile set, falling back to 1 default profile: "default"
2024-06-24T21:38:14.896+05:30  INFO 42556 --- [Employee-Management-Portal] [restartedMain] .e.DevToolsPropertyDefaultsPostProcessor : Devtools property defaults active! Set 'spring.devtools.add-properties' to 'false' to disable
2024-06-24T21:38:14.896+05:30  INFO 42556 --- [Employee-Management-Portal] [restartedMain] .e.DevToolsPropertyDefaultsPostProcessor : For additional web related logging consider setting the 'logging.level.web' property to 'DEBUG'
2024-06-24T21:38:15.930+05:30  INFO 42556 --- [Employee-Management-Portal] [restartedMain] .s.d.r.c.RepositoryConfigurationDelegate : Bootstrapping Spring Data JPA repositories in DEFAULT mode.
2024-06-24T21:38:16.055+05:30  INFO 42556 --- [Employee-Management-Portal] [restartedMain] .s.d.r.c.RepositoryConfigurationDelegate : Finished Spring Data repository scanning in 109 ms. Found 4 JPA repository interfaces.
2024-06-24T21:38:16.886+05:30  INFO 42556 --- [Employee-Management-Portal] [restartedMain] o.s.b.w.embedded.tomcat.TomcatWebServer  : Tomcat initialized with port 8080 (http)
2024-06-24T21:38:16.905+05:30  INFO 42556 --- [Employee-Management-Portal] [restartedMain] o.apache.catalina.core.StandardService   : Starting service [Tomcat]
2024-06-24T21:38:16.905+05:30  INFO 42556 --- [Employee-Management-Portal] [restartedMain] o.apache.catalina.core.StandardEngine    : Starting Servlet engine: [Apache Tomcat/10.1.20]
2024-06-24T21:38:16.981+05:30  INFO 42556 --- [Employee-Management-Portal] [restartedMain] o.a.c.c.C.[Tomcat].[localhost].[/]       : Initializing Spring embedded WebApplicationContext
2024-06-24T21:38:16.981+05:30  INFO 42556 --- [Employee-Management-Portal] [restartedMain] w.s.c.ServletWebServerApplicationContext : Root WebApplicationContext: initialization completed in 2084 ms
2024-06-24T21:38:17.149+05:30  INFO 42556 --- [Employee-Management-Portal] [restartedMain] o.hibernate.jpa.internal.util.LogHelper  : HHH000204: Processing PersistenceUnitInfo [name: default]
2024-06-24T21:38:17.207+05:30  INFO 42556 --- [Employee-Management-Portal] [restartedMain] org.hibernate.Version                    : HHH000412: Hibernate ORM core version 6.4.4.Final
2024-06-24T21:38:17.253+05:30  INFO 42556 --- [Employee-Management-Portal] [restartedMain] o.h.c.internal.RegionFactoryInitiator    : HHH000026: Second-level cache disabled
2024-06-24T21:38:17.512+05:30  INFO 42556 --- [Employee-Management-Portal] [restartedMain] o.s.o.j.p.SpringPersistenceUnitInfo      : No LoadTimeWeaver setup: ignoring JPA class transformer
2024-06-24T21:38:17.552+05:30  INFO 42556 --- [Employee-Management-Portal] [restartedMain] com.zaxxer.hikari.HikariDataSource       : HikariPool-1 - Starting...
2024-06-24T21:38:17.767+05:30  INFO 42556 --- [Employee-Management-Portal] [restartedMain] com.zaxxer.hikari.pool.HikariPool        : HikariPool-1 - Added connection org.postgresql.jdbc.PgConnection@5ecc5d3e
2024-06-24T21:38:17.768+05:30  INFO 42556 --- [Employee-Management-Portal] [restartedMain] com.zaxxer.hikari.HikariDataSource       : HikariPool-1 - Start completed.
2024-06-24T21:38:18.952+05:30  INFO 42556 --- [Employee-Management-Portal] [restartedMain] o.h.e.t.j.p.i.JtaPlatformInitiator       : HHH000489: No JTA platform available (set 'hibernate.transaction.jta.platform' to enable JTA platform integration)
2024-06-24T21:38:19.049+05:30  INFO 42556 --- [Employee-Management-Portal] [restartedMain] j.LocalContainerEntityManagerFactoryBean : Initialized JPA EntityManagerFactory for persistence unit 'default'
2024-06-24T21:38:19.632+05:30  WARN 42556 --- [Employee-Management-Portal] [restartedMain] JpaBaseConfiguration$JpaWebConfiguration : spring.jpa.open-in-view is enabled by default. Therefore, database queries may be performed during view rendering. Explicitly configure spring.jpa.open-in-view to disable this warning
2024-06-24T21:38:19.996+05:30  INFO 42556 --- [Employee-Management-Portal] [restartedMain] o.s.s.web.DefaultSecurityFilterChain     : Will secure any request with [org.springframework.security.web.session.DisableEncodeUrlFilter@737deb6d, org.springframework.security.web.context.request.async.WebAsyncManagerIntegrationFilter@4c1e3b32, org.springframework.security.web.context.SecurityContextHolderFilter@33aa26fc, org.springframework.security.web.header.HeaderWriterFilter@6217155e, org.springframework.web.filter.CorsFilter@351d5658, org.springframework.security.web.authentication.logout.LogoutFilter@7b6d14a1, com.employee.Employee.Management.Portal.config.JwtTokenValidator@241a4d7e, org.springframework.security.web.savedrequest.RequestCacheAwareFilter@41b12ca, org.springframework.security.web.servletapi.SecurityContextHolderAwareRequestFilter@32518f78, org.springframework.security.web.authentication.AnonymousAuthenticationFilter@3820fc13, org.springframework.security.web.session.SessionManagementFilter@2f4c4b67, org.springframework.security.web.access.ExceptionTranslationFilter@7f024dbd, org.springframework.security.web.access.intercept.AuthorizationFilter@734982a2]
2024-06-24T21:38:20.263+05:30  INFO 42556 --- [Employee-Management-Portal] [restartedMain] o.s.b.d.a.OptionalLiveReloadServer       : LiveReload server is running on port 35729
2024-06-24T21:38:20.305+05:30  INFO 42556 --- [Employee-Management-Portal] [restartedMain] o.s.b.w.embedded.tomcat.TomcatWebServer  : Tomcat started on port 8080 (http) with context path ''
2024-06-24T21:38:20.316+05:30  INFO 42556 --- [Employee-Management-Portal] [restartedMain] .M.P.EmployeeManagementPortalApplication : Started EmployeeManagementPortalApplication in 6.009 seconds (process running for 6.547)
2024-06-24T21:38:26.133+05:30  INFO 42556 --- [Employee-Management-Portal] [SpringApplicationShutdownHook] j.LocalContainerEntityManagerFactoryBean : Closing JPA EntityManagerFactory for persistence unit 'default'
2024-06-24T21:38:26.141+05:30  INFO 42556 --- [Employee-Management-Portal] [SpringApplicationShutdownHook] com.zaxxer.hikari.HikariDataSource       : HikariPool-1 - Shutdown initiated...
2024-06-24T21:38:26.145+05:30  INFO 42556 --- [Employee-Management-Portal] [SpringApplicationShutdownHook] com.zaxxer.hikari.HikariDataSource       : HikariPool-1 - Shutdown completed.
